<?xml version="1.0" encoding="UTF-8"?>
<testsuite name="com.example.bookstore.BookStoreApplicationTests" tests="1" skipped="0" failures="0" errors="0" timestamp="2020-12-04T07:12:52" hostname="KB-20ABKCK1HQ.kasikornbank.com" time="0.004">
  <properties/>
  <testcase name="contextLoads()" classname="com.example.bookstore.BookStoreApplicationTests" time="0.004"/>
  <system-out><![CDATA[2020-12-04 14:12:50.232  INFO 18959 --- [    Test worker] .b.t.c.SpringBootTestContextBootstrapper : Neither @ContextConfiguration nor @ContextHierarchy found for test class [com.example.bookstore.BookStoreApplicationTests], using SpringBootContextLoader
2020-12-04 14:12:50.232  INFO 18959 --- [    Test worker] o.s.t.c.support.AbstractContextLoader    : Could not detect default resource locations for test class [com.example.bookstore.BookStoreApplicationTests]: no resource found for suffixes {-context.xml, Context.groovy}.
2020-12-04 14:12:50.232  INFO 18959 --- [    Test worker] t.c.s.AnnotationConfigContextLoaderUtils : Could not detect default configuration classes for test class [com.example.bookstore.BookStoreApplicationTests]: BookStoreApplicationTests does not declare any static, non-private, non-final, nested classes annotated with @Configuration.
2020-12-04 14:12:50.235  INFO 18959 --- [    Test worker] .b.t.c.SpringBootTestContextBootstrapper : Found @SpringBootConfiguration com.example.bookstore.BookStoreApplication for test class com.example.bookstore.BookStoreApplicationTests
2020-12-04 14:12:50.238  INFO 18959 --- [    Test worker] .b.t.c.SpringBootTestContextBootstrapper : Loaded default TestExecutionListener class names from location [META-INF/spring.factories]: [org.springframework.cloud.contract.stubrunner.provider.wiremock.StubRunnerWireMockTestExecutionListener, org.springframework.cloud.contract.wiremock.WireMockTestExecutionListener, org.springframework.boot.test.autoconfigure.restdocs.RestDocsTestExecutionListener, org.springframework.boot.test.autoconfigure.web.client.MockRestServiceServerResetTestExecutionListener, org.springframework.boot.test.autoconfigure.web.servlet.MockMvcPrintOnlyOnFailureTestExecutionListener, org.springframework.boot.test.autoconfigure.web.servlet.WebDriverTestExecutionListener, org.springframework.boot.test.autoconfigure.webservices.client.MockWebServiceServerTestExecutionListener, org.springframework.boot.test.mock.mockito.MockitoTestExecutionListener, org.springframework.boot.test.mock.mockito.ResetMocksTestExecutionListener, org.springframework.test.context.web.ServletTestExecutionListener, org.springframework.test.context.support.DirtiesContextBeforeModesTestExecutionListener, org.springframework.test.context.support.DependencyInjectionTestExecutionListener, org.springframework.test.context.support.DirtiesContextTestExecutionListener, org.springframework.test.context.transaction.TransactionalTestExecutionListener, org.springframework.test.context.jdbc.SqlScriptsTestExecutionListener, org.springframework.test.context.event.EventPublishingTestExecutionListener]
2020-12-04 14:12:50.238  INFO 18959 --- [    Test worker] .b.t.c.SpringBootTestContextBootstrapper : Using TestExecutionListeners: [org.springframework.test.context.web.ServletTestExecutionListener@51196b7c, org.springframework.test.context.support.DirtiesContextBeforeModesTestExecutionListener@32db5330, org.springframework.boot.test.mock.mockito.MockitoTestExecutionListener@9709388, org.springframework.boot.test.autoconfigure.SpringBootDependencyInjectionTestExecutionListener@247cfd8c, org.springframework.test.context.support.DirtiesContextTestExecutionListener@3e2430f4, org.springframework.test.context.transaction.TransactionalTestExecutionListener@568ea6d3, org.springframework.test.context.jdbc.SqlScriptsTestExecutionListener@5b6f8359, org.springframework.test.context.event.EventPublishingTestExecutionListener@183c9525, org.springframework.boot.test.autoconfigure.restdocs.RestDocsTestExecutionListener@780a546, org.springframework.boot.test.autoconfigure.web.client.MockRestServiceServerResetTestExecutionListener@249b235b, org.springframework.boot.test.autoconfigure.web.servlet.MockMvcPrintOnlyOnFailureTestExecutionListener@34909da, org.springframework.boot.test.autoconfigure.web.servlet.WebDriverTestExecutionListener@7f20212b, org.springframework.boot.test.autoconfigure.webservices.client.MockWebServiceServerTestExecutionListener@7d88011c, org.springframework.boot.test.mock.mockito.ResetMocksTestExecutionListener@74640d, org.springframework.cloud.contract.stubrunner.provider.wiremock.StubRunnerWireMockTestExecutionListener@4b38aa00, org.springframework.cloud.contract.wiremock.WireMockTestExecutionListener@35efe335]

  .   ____          _            __ _ _
 /\\ / ___'_ __ _ _(_)_ __  __ _ \ \ \ \
( ( )\___ | '_ | '_| | '_ \/ _` | \ \ \ \
 \\/  ___)| |_)| | | | | || (_| |  ) ) ) )
  '  |____| .__|_| |_|_| |_\__, | / / / /
 =========|_|==============|___/=/_/_/_/
 :: Spring Boot ::                (v2.4.0)

2020-12-04 14:12:50.259  INFO 18959 --- [    Test worker] c.e.bookstore.BookStoreApplicationTests  : Starting BookStoreApplicationTests using Java 13.0.2 on KB-20ABKCK1HQ.kasikornbank.com with PID 18959 (started by kachain.j in /Users/kachain.j/Workplace/Exam-2)
2020-12-04 14:12:50.260  INFO 18959 --- [    Test worker] c.e.bookstore.BookStoreApplicationTests  : No active profile set, falling back to default profiles: default
2020-12-04 14:12:50.627  INFO 18959 --- [    Test worker] .s.d.r.c.RepositoryConfigurationDelegate : Bootstrapping Spring Data JPA repositories in DEFERRED mode.
2020-12-04 14:12:50.640  INFO 18959 --- [    Test worker] .s.d.r.c.RepositoryConfigurationDelegate : Finished Spring Data repository scanning in 12 ms. Found 4 JPA repository interfaces.
2020-12-04 14:12:50.823  INFO 18959 --- [    Test worker] o.s.s.concurrent.ThreadPoolTaskExecutor  : Initializing ExecutorService 'applicationTaskExecutor'
2020-12-04 14:12:50.835  INFO 18959 --- [         task-1] o.hibernate.jpa.internal.util.LogHelper  : HHH000204: Processing PersistenceUnitInfo [name: default]
2020-12-04 14:12:50.842  INFO 18959 --- [         task-1] com.zaxxer.hikari.HikariDataSource       : HikariPool-1 - Starting...
2020-12-04 14:12:50.857  INFO 18959 --- [         task-1] com.zaxxer.hikari.HikariDataSource       : HikariPool-1 - Start completed.
2020-12-04 14:12:50.862  INFO 18959 --- [         task-1] org.hibernate.dialect.Dialect            : HHH000400: Using dialect: org.hibernate.dialect.H2Dialect
2020-12-04 14:12:50.921  INFO 18959 --- [         task-1] o.h.e.t.j.p.i.JtaPlatformInitiator       : HHH000490: Using JtaPlatform implementation: [org.hibernate.engine.transaction.jta.platform.internal.NoJtaPlatform]
2020-12-04 14:12:50.922  INFO 18959 --- [         task-1] j.LocalContainerEntityManagerFactoryBean : Initialized JPA EntityManagerFactory for persistence unit 'default'
2020-12-04 14:12:51.153  WARN 18959 --- [    Test worker] JpaBaseConfiguration$JpaWebConfiguration : spring.jpa.open-in-view is enabled by default. Therefore, database queries may be performed during view rendering. Explicitly configure spring.jpa.open-in-view to disable this warning
2020-12-04 14:12:51.858  INFO 18959 --- [    Test worker] o.s.b.a.e.web.EndpointLinksResolver      : Exposing 2 endpoint(s) beneath base path '/actuator'
2020-12-04 14:12:51.897  INFO 18959 --- [    Test worker] DeferredRepositoryInitializationListener : Triggering deferred initialization of Spring Data repositories…
2020-12-04 14:12:51.921  INFO 18959 --- [    Test worker] DeferredRepositoryInitializationListener : Spring Data repositories initialized!
2020-12-04 14:12:51.932  INFO 18959 --- [    Test worker] c.e.bookstore.BookStoreApplicationTests  : Started BookStoreApplicationTests in 1.688 seconds (JVM running for 5.683)
]]></system-out>
  <system-err><![CDATA[]]></system-err>
</testsuite>
